<?xml version="1.0" encoding="UTF-8"?>
<!-- Generated by org.testng.reporters.JUnitXMLReporter -->
<testsuite ignored="0" hostname="DESKTOP-QLT8R1S" failures="0" tests="41" name="Default test" time="1.255" errors="0" timestamp="2023-11-18T01:24:36 IST">
  <testcase classname="automationExercise.ContactUsForm" name="@BeforeTest m" time="0.176">
    <failure type="java.lang.IllegalStateException" message="The driver executable must exist: C:\Users\my lap\Downloads\eclipse-dsl-2022-09-R-win32-x86_64\Jars\chromedriver.exe">
      <![CDATA[java.lang.IllegalStateException: The driver executable must exist: C:\Users\my lap\Downloads\eclipse-dsl-2022-09-R-win32-x86_64\Jars\chromedriver.exe
at org.openqa.selenium.internal.Require$FileStateChecker.isFile(Require.java:345)
at org.openqa.selenium.remote.service.DriverService.checkExecutable(DriverService.java:160)
at org.openqa.selenium.remote.service.DriverService.findExecutable(DriverService.java:155)
at org.openqa.selenium.chrome.ChromeDriverService.access$000(ChromeDriverService.java:39)
at org.openqa.selenium.chrome.ChromeDriverService$Builder.findDefaultExecutable(ChromeDriverService.java:233)
at org.openqa.selenium.remote.service.DriverService$Builder.build(DriverService.java:455)
at org.openqa.selenium.chrome.ChromeDriverService.createServiceWithConfig(ChromeDriverService.java:142)
at org.openqa.selenium.chrome.ChromeDriver.<init>(ChromeDriver.java:70)
at automationExercise.ContactUsForm.m(ContactUsForm.java:23)
at java.base/jdk.internal.reflect.DirectMethodHandleAccessor.invoke(DirectMethodHandleAccessor.java:104)
at java.base/java.lang.reflect.Method.invoke(Method.java:577)
at org.testng.internal.invokers.MethodInvocationHelper.invokeMethod(MethodInvocationHelper.java:139)
at org.testng.internal.invokers.MethodInvocationHelper.invokeMethodConsideringTimeout(MethodInvocationHelper.java:69)
at org.testng.internal.invokers.ConfigInvoker.invokeConfigurationMethod(ConfigInvoker.java:390)
at org.testng.internal.invokers.ConfigInvoker.invokeConfigurations(ConfigInvoker.java:325)
at org.testng.TestRunner.invokeTestConfigurations(TestRunner.java:663)
at org.testng.TestRunner.beforeRun(TestRunner.java:652)
at org.testng.TestRunner.run(TestRunner.java:614)
at org.testng.SuiteRunner.runTest(SuiteRunner.java:443)
at org.testng.SuiteRunner.runSequentially(SuiteRunner.java:437)
at org.testng.SuiteRunner.privateRun(SuiteRunner.java:397)
at org.testng.SuiteRunner.run(SuiteRunner.java:336)
at org.testng.SuiteRunnerWorker.runSuite(SuiteRunnerWorker.java:52)
at org.testng.SuiteRunnerWorker.run(SuiteRunnerWorker.java:95)
at org.testng.TestNG.runSuitesSequentially(TestNG.java:1280)
at org.testng.TestNG.runSuitesLocally(TestNG.java:1200)
at org.testng.TestNG.runSuites(TestNG.java:1114)
at org.testng.TestNG.run(TestNG.java:1082)
at org.testng.remote.AbstractRemoteTestNG.run(AbstractRemoteTestNG.java:115)
at org.testng.remote.RemoteTestNG.initAndRun(RemoteTestNG.java:251)
at org.testng.remote.RemoteTestNG.main(RemoteTestNG.java:77)
]]>
    </failure>
  </testcase> <!-- @BeforeTest m -->
  <testcase classname="automationExercise.LoginUser" name="@BeforeTest m" time="0.0">
    <skipped/>
  </testcase> <!-- @BeforeTest m -->
  <testcase classname="automationExercise.SignUp" name="@BeforeTest m" time="0.0">
    <skipped/>
  </testcase> <!-- @BeforeTest m -->
  <testcase classname="automationExercise.TestCase_07_TestcasePage" name="@BeforeTest m" time="0.0">
    <skipped/>
  </testcase> <!-- @BeforeTest m -->
  <testcase classname="automationExercise.TestCase_08_ProductDetail" name="@BeforeTest m" time="0.0">
    <skipped/>
  </testcase> <!-- @BeforeTest m -->
  <testcase classname="automationExercise.TestCase_09_SearchProduct" name="@BeforeTest m" time="0.0">
    <skipped/>
  </testcase> <!-- @BeforeTest m -->
  <testcase classname="automationExercise.TestCase_12_Cart" name="@BeforeTest m" time="0.0">
    <skipped/>
  </testcase> <!-- @BeforeTest m -->
  <testcase classname="automationExercise.TestCase_14_PlaceOrder_wc" name="@BeforeTest m" time="0.0">
    <skipped/>
  </testcase> <!-- @BeforeTest m -->
  <testcase classname="automationExercise.TestCase_15_PlaceOrder_Bc" name="@BeforeTest m" time="0.0">
    <skipped/>
  </testcase> <!-- @BeforeTest m -->
  <testcase classname="automationExercise.TestCase_16_PlaceOrder_LoginBc" name="@BeforeTest m" time="0.0">
    <skipped/>
  </testcase> <!-- @BeforeTest m -->
  <testcase classname="automationExercise.TestCase_17_RemoveProducts" name="@BeforeTest m" time="0.0">
    <skipped/>
  </testcase> <!-- @BeforeTest m -->
  <testcase classname="automationExercise.TestCase_18_viewCategory" name="@BeforeTest m" time="0.0">
    <skipped/>
  </testcase> <!-- @BeforeTest m -->
  <testcase classname="automationExercise.TestCase_19_ViewBrand" name="@BeforeTest m" time="0.0">
    <skipped/>
  </testcase> <!-- @BeforeTest m -->
  <testcase classname="automationExercise.TestCase_20_SearchProducts" name="@BeforeTest m" time="0.0">
    <skipped/>
  </testcase> <!-- @BeforeTest m -->
  <testcase classname="automationExercise.TestCase_21_AddReview" name="@BeforeTest m" time="0.0">
    <skipped/>
  </testcase> <!-- @BeforeTest m -->
  <testcase classname="automationExercise.TestCase_22_AddToCart" name="@BeforeTest m" time="0.0">
    <skipped/>
  </testcase> <!-- @BeforeTest m -->
  <testcase classname="automationExercise.TestCase_23_VerifyAddress" name="@BeforeTest m" time="0.0">
    <skipped/>
  </testcase> <!-- @BeforeTest m -->
  <testcase classname="automationExercise.TestCase_24_DownloadInvoice" name="@BeforeTest m" time="0.0">
    <skipped/>
  </testcase> <!-- @BeforeTest m -->
  <testcase classname="automationExercise.TestCase_25_ScrollUpDown" name="@BeforeTest m" time="0.0">
    <skipped/>
  </testcase> <!-- @BeforeTest m -->
  <testcase classname="automationExercise.TestCase_26_ScrollUpwithoutarrow" name="@BeforeTest m" time="0.0">
    <skipped/>
  </testcase> <!-- @BeforeTest m -->
  <testcase classname="automationExercise.TestCase_09_SearchProduct" name="@AfterMethod closeApp" time="0.0">
    <skipped/>
  </testcase> <!-- @AfterMethod closeApp -->
  <testcase classname="automationExercise.TestCase_09_SearchProduct" name="@AfterMethod closeApp" time="0.0">
    <skipped/>
  </testcase> <!-- @AfterMethod closeApp -->
  <testcase classname="automationExercise.TestCase_09_SearchProduct" name="@AfterMethod closeApp" time="0.0">
    <skipped/>
  </testcase> <!-- @AfterMethod closeApp -->
  <testcase classname="automationExercise.TestCase_19_ViewBrand" name="@AfterMethod closeApp" time="0.0">
    <skipped/>
  </testcase> <!-- @AfterMethod closeApp -->
  <testcase classname="automationExercise.TestCase_25_ScrollUpDown" name="@AfterMethod closeApp" time="0.0">
    <skipped/>
  </testcase> <!-- @AfterMethod closeApp -->
  <testcase classname="automationExercise.LoginUser" name="@AfterMethod closeApp" time="0.0">
    <skipped/>
  </testcase> <!-- @AfterMethod closeApp -->
  <testcase classname="automationExercise.LoginUser" name="@AfterMethod closeApp" time="0.0">
    <skipped/>
  </testcase> <!-- @AfterMethod closeApp -->
  <testcase classname="automationExercise.LoginUser" name="@AfterMethod closeApp" time="0.0">
    <skipped/>
  </testcase> <!-- @AfterMethod closeApp -->
  <testcase classname="automationExercise.LoginUser" name="@AfterMethod closeApp" time="0.0">
    <skipped/>
  </testcase> <!-- @AfterMethod closeApp -->
  <testcase classname="automationExercise.LoginUser" name="@AfterMethod closeApp" time="0.0">
    <skipped/>
  </testcase> <!-- @AfterMethod closeApp -->
  <testcase classname="automationExercise.TestCase_17_RemoveProducts" name="@AfterMethod closeApp" time="0.0">
    <skipped/>
  </testcase> <!-- @AfterMethod closeApp -->
  <testcase classname="automationExercise.TestCase_14_PlaceOrder_wc" name="@AfterMethod closeApp" time="0.0">
    <skipped/>
  </testcase> <!-- @AfterMethod closeApp -->
  <testcase classname="automationExercise.TestCase_14_PlaceOrder_wc" name="@AfterMethod closeApp" time="0.0">
    <skipped/>
  </testcase> <!-- @AfterMethod closeApp -->
  <testcase classname="automationExercise.TestCase_14_PlaceOrder_wc" name="@AfterMethod closeApp" time="0.0">
    <skipped/>
  </testcase> <!-- @AfterMethod closeApp -->
  <testcase classname="automationExercise.TestCase_14_PlaceOrder_wc" name="@AfterMethod closeApp" time="0.0">
    <skipped/>
  </testcase> <!-- @AfterMethod closeApp -->
  <testcase classname="automationExercise.SignUp" name="@AfterMethod closeApp" time="0.0">
    <skipped/>
  </testcase> <!-- @AfterMethod closeApp -->
  <testcase classname="automationExercise.SignUp" name="@AfterMethod closeApp" time="0.0">
    <skipped/>
  </testcase> <!-- @AfterMethod closeApp -->
  <testcase classname="automationExercise.TestCase_12_Cart" name="@AfterMethod closeApp" time="0.0">
    <skipped/>
  </testcase> <!-- @AfterMethod closeApp -->
  <testcase classname="automationExercise.TestCase_12_Cart" name="@AfterMethod closeApp" time="0.0">
    <skipped/>
  </testcase> <!-- @AfterMethod closeApp -->
  <testcase classname="automationExercise.TestCase_20_SearchProducts" name="@AfterMethod closeApp" time="0.0">
    <skipped/>
  </testcase> <!-- @AfterMethod closeApp -->
  <testcase classname="automationExercise.TestCase_24_DownloadInvoice" name="@AfterMethod closeApp" time="0.0">
    <skipped/>
  </testcase> <!-- @AfterMethod closeApp -->
  <testcase classname="automationExercise.TestCase_24_DownloadInvoice" name="@AfterMethod closeApp" time="0.0">
    <skipped/>
  </testcase> <!-- @AfterMethod closeApp -->
  <testcase classname="automationExercise.TestCase_24_DownloadInvoice" name="@AfterMethod closeApp" time="0.0">
    <skipped/>
  </testcase> <!-- @AfterMethod closeApp -->
  <testcase classname="automationExercise.TestCase_24_DownloadInvoice" name="@AfterMethod closeApp" time="0.0">
    <skipped/>
  </testcase> <!-- @AfterMethod closeApp -->
  <testcase classname="automationExercise.TestCase_23_VerifyAddress" name="@AfterMethod closeApp" time="0.0">
    <skipped/>
  </testcase> <!-- @AfterMethod closeApp -->
  <testcase classname="automationExercise.TestCase_23_VerifyAddress" name="@AfterMethod closeApp" time="0.0">
    <skipped/>
  </testcase> <!-- @AfterMethod closeApp -->
  <testcase classname="automationExercise.TestCase_23_VerifyAddress" name="@AfterMethod closeApp" time="0.0">
    <skipped/>
  </testcase> <!-- @AfterMethod closeApp -->
  <testcase classname="automationExercise.TestCase_21_AddReview" name="@AfterMethod closeApp" time="0.0">
    <skipped/>
  </testcase> <!-- @AfterMethod closeApp -->
  <testcase classname="automationExercise.TestCase_07_TestcasePage" name="@AfterMethod closeApp" time="0.0">
    <skipped/>
  </testcase> <!-- @AfterMethod closeApp -->
  <testcase classname="automationExercise.TestCase_15_PlaceOrder_Bc" name="@AfterMethod closeApp" time="0.0">
    <skipped/>
  </testcase> <!-- @AfterMethod closeApp -->
  <testcase classname="automationExercise.TestCase_15_PlaceOrder_Bc" name="@AfterMethod closeApp" time="0.0">
    <skipped/>
  </testcase> <!-- @AfterMethod closeApp -->
  <testcase classname="automationExercise.TestCase_15_PlaceOrder_Bc" name="@AfterMethod closeApp" time="0.0">
    <skipped/>
  </testcase> <!-- @AfterMethod closeApp -->
  <testcase classname="automationExercise.TestCase_15_PlaceOrder_Bc" name="@AfterMethod closeApp" time="0.0">
    <skipped/>
  </testcase> <!-- @AfterMethod closeApp -->
  <testcase classname="automationExercise.TestCase_08_ProductDetail" name="@AfterMethod closeApp" time="0.0">
    <skipped/>
  </testcase> <!-- @AfterMethod closeApp -->
  <testcase classname="automationExercise.TestCase_18_viewCategory" name="@AfterMethod closeApp" time="0.0">
    <skipped/>
  </testcase> <!-- @AfterMethod closeApp -->
  <testcase classname="automationExercise.TestCase_26_ScrollUpwithoutarrow" name="@AfterMethod closeApp" time="0.0">
    <skipped/>
  </testcase> <!-- @AfterMethod closeApp -->
  <testcase classname="automationExercise.TestCase_22_AddToCart" name="@AfterMethod closeApp" time="0.0">
    <skipped/>
  </testcase> <!-- @AfterMethod closeApp -->
  <testcase classname="automationExercise.ContactUsForm" name="@AfterMethod closeApp" time="0.0">
    <skipped/>
  </testcase> <!-- @AfterMethod closeApp -->
  <testcase classname="automationExercise.TestCase_16_PlaceOrder_LoginBc" name="@AfterMethod closeApp" time="0.0">
    <skipped/>
  </testcase> <!-- @AfterMethod closeApp -->
  <testcase classname="automationExercise.TestCase_16_PlaceOrder_LoginBc" name="@AfterMethod closeApp" time="0.0">
    <skipped/>
  </testcase> <!-- @AfterMethod closeApp -->
  <testcase classname="automationExercise.TestCase_16_PlaceOrder_LoginBc" name="@AfterMethod closeApp" time="0.0">
    <skipped/>
  </testcase> <!-- @AfterMethod closeApp -->
  <testcase classname="automationExercise.TestCase_09_SearchProduct" name="ProductDetails" time="0.0">
    <skipped/>
  </testcase> <!-- ProductDetails -->
  <testcase classname="automationExercise.TestCase_09_SearchProduct" name="subscription" time="0.0">
    <skipped/>
  </testcase> <!-- subscription -->
  <testcase classname="automationExercise.TestCase_09_SearchProduct" name="subscriptionInCart" time="0.0">
    <skipped/>
  </testcase> <!-- subscriptionInCart -->
  <testcase classname="automationExercise.TestCase_19_ViewBrand" name="product" time="0.0">
    <skipped/>
  </testcase> <!-- product -->
  <testcase classname="automationExercise.TestCase_25_ScrollUpDown" name="subscription" time="0.001">
    <skipped/>
  </testcase> <!-- subscription -->
  <testcase classname="automationExercise.LoginUser" name="signIN" time="0.001">
    <skipped/>
  </testcase> <!-- signIN -->
  <testcase classname="automationExercise.LoginUser" name="login" time="0.001">
    <skipped/>
  </testcase> <!-- login -->
  <testcase classname="automationExercise.LoginUser" name="loginWithWrongPass" time="0.0">
    <skipped/>
  </testcase> <!-- loginWithWrongPass -->
  <testcase classname="automationExercise.LoginUser" name="forLoggingOUT" time="0.0">
    <skipped/>
  </testcase> <!-- forLoggingOUT -->
  <testcase classname="automationExercise.LoginUser" name="signExistingUser" time="0.0">
    <skipped/>
  </testcase> <!-- signExistingUser -->
  <testcase classname="automationExercise.TestCase_17_RemoveProducts" name="product" time="0.0">
    <skipped/>
  </testcase> <!-- product -->
  <testcase classname="automationExercise.TestCase_14_PlaceOrder_wc" name="product" time="0.0">
    <skipped/>
  </testcase> <!-- product -->
  <testcase classname="automationExercise.TestCase_14_PlaceOrder_wc" name="signUp" time="0.002">
    <skipped/>
  </testcase> <!-- signUp -->
  <testcase classname="automationExercise.TestCase_14_PlaceOrder_wc" name="enterAccountInfo" time="0.0">
    <skipped/>
  </testcase> <!-- enterAccountInfo -->
  <testcase classname="automationExercise.TestCase_14_PlaceOrder_wc" name="cart" time="0.0">
    <skipped/>
  </testcase> <!-- cart -->
  <testcase classname="automationExercise.SignUp" name="signUp" time="0.0">
    <skipped/>
  </testcase> <!-- signUp -->
  <testcase classname="automationExercise.SignUp" name="enterActInfo" time="0.0">
    <skipped/>
  </testcase> <!-- enterActInfo -->
  <testcase classname="automationExercise.TestCase_12_Cart" name="product" time="0.0">
    <skipped/>
  </testcase> <!-- product -->
  <testcase classname="automationExercise.TestCase_12_Cart" name="productDetail" time="0.001">
    <skipped/>
  </testcase> <!-- productDetail -->
  <testcase classname="automationExercise.TestCase_20_SearchProducts" name="productDetails" time="0.001">
    <skipped/>
  </testcase> <!-- productDetails -->
  <testcase classname="automationExercise.TestCase_24_DownloadInvoice" name="product" time="0.0">
    <skipped/>
  </testcase> <!-- product -->
  <testcase classname="automationExercise.TestCase_24_DownloadInvoice" name="signUp" time="0.0">
    <skipped/>
  </testcase> <!-- signUp -->
  <testcase classname="automationExercise.TestCase_24_DownloadInvoice" name="enterAccountInfo" time="0.0">
    <skipped/>
  </testcase> <!-- enterAccountInfo -->
  <testcase classname="automationExercise.TestCase_24_DownloadInvoice" name="cart" time="0.0">
    <skipped/>
  </testcase> <!-- cart -->
  <testcase classname="automationExercise.TestCase_23_VerifyAddress" name="signUp" time="0.0">
    <skipped/>
  </testcase> <!-- signUp -->
  <testcase classname="automationExercise.TestCase_23_VerifyAddress" name="enterActInfo" time="0.0">
    <skipped/>
  </testcase> <!-- enterActInfo -->
  <testcase classname="automationExercise.TestCase_23_VerifyAddress" name="product" time="0.0">
    <skipped/>
  </testcase> <!-- product -->
  <testcase classname="automationExercise.TestCase_21_AddReview" name="productReview" time="0.0">
    <skipped/>
  </testcase> <!-- productReview -->
  <testcase classname="automationExercise.TestCase_07_TestcasePage" name="testCasepage" time="0.0">
    <skipped/>
  </testcase> <!-- testCasepage -->
  <testcase classname="automationExercise.TestCase_15_PlaceOrder_Bc" name="signUp" time="0.0">
    <skipped/>
  </testcase> <!-- signUp -->
  <testcase classname="automationExercise.TestCase_15_PlaceOrder_Bc" name="enterAccountInfo" time="0.0">
    <skipped/>
  </testcase> <!-- enterAccountInfo -->
  <testcase classname="automationExercise.TestCase_15_PlaceOrder_Bc" name="product" time="0.0">
    <skipped/>
  </testcase> <!-- product -->
  <testcase classname="automationExercise.TestCase_15_PlaceOrder_Bc" name="cart" time="0.0">
    <skipped/>
  </testcase> <!-- cart -->
  <testcase classname="automationExercise.TestCase_08_ProductDetail" name="productDetails" time="0.0">
    <skipped/>
  </testcase> <!-- productDetails -->
  <testcase classname="automationExercise.TestCase_18_viewCategory" name="category" time="0.0">
    <skipped/>
  </testcase> <!-- category -->
  <testcase classname="automationExercise.TestCase_26_ScrollUpwithoutarrow" name="scrollUp" time="0.0">
    <skipped/>
  </testcase> <!-- scrollUp -->
  <testcase classname="automationExercise.TestCase_22_AddToCart" name="addtoCart" time="0.001">
    <skipped/>
  </testcase> <!-- addtoCart -->
  <testcase classname="automationExercise.ContactUsForm" name="signin" time="0.0">
    <skipped/>
  </testcase> <!-- signin -->
  <testcase classname="automationExercise.TestCase_16_PlaceOrder_LoginBc" name="login" time="0.0">
    <skipped/>
  </testcase> <!-- login -->
  <testcase classname="automationExercise.TestCase_16_PlaceOrder_LoginBc" name="product" time="0.001">
    <skipped/>
  </testcase> <!-- product -->
  <testcase classname="automationExercise.TestCase_16_PlaceOrder_LoginBc" name="cart" time="0.0">
    <skipped/>
  </testcase> <!-- cart -->
</testsuite> <!-- Default test -->
